{"uuid":"61baaffa-1e8d-4721-8de5-195f63ff4a68","historyId":"d8dfd2228385d3e7fad1229695b6c54","fullName":"src/test/resources/AppFeatures/3_Register.feature:64","labels":[{"name":"tag","value":"register"},{"name":"tag","value":"register_07"},{"name":"host","value":"MSI"},{"name":"thread","value":"21512@MSI.main(1)"},{"name":"feature","value":"Validate Register page"},{"name":"story","value":"The user redirected to Homepage with valid details"},{"name":"suite","value":"Validate Register page"},{"name":"testClass","value":"The user redirected to Homepage with valid details"},{"name":"framework","value":"cucumber4jvm"},{"name":"language","value":"java"},{"name":"gherkin_uri","value":"file:///C:/Users/shrav/eclipse-workspace/Dsalgo_cucumber1/src/test/resources/AppFeatures/3_Register.feature"},{"name":"package","value":"src.test.resources.AppFeatures.3_Register_feature.Validate Register page"}],"links":[],"name":"The user redirected to Homepage with valid details","status":"failed","statusDetails":{"known":false,"muted":false,"flaky":false,"message":"Title do not match expected [NumpyNinja] but found [Registration]","trace":"java.lang.AssertionError: Title do not match expected [NumpyNinja] but found [Registration]\r\n\tat org.testng.Assert.fail(Assert.java:111)\r\n\tat org.testng.Assert.failNotEquals(Assert.java:1578)\r\n\tat org.testng.Assert.assertEqualsImpl(Assert.java:150)\r\n\tat org.testng.Assert.assertEquals(Assert.java:132)\r\n\tat org.testng.Assert.assertEquals(Assert.java:656)\r\n\tat stepDefinitions.Registersteps.the_user_should_be_redirected_to_homepage_with_the_message(Registersteps.java:98)\r\n\tat ✽.The user should be redirected to Homepage with the message \"New Account Created. You are logged in as <username>\"(file:///C:/Users/shrav/eclipse-workspace/Dsalgo_cucumber1/src/test/resources/AppFeatures/3_Register.feature:69)\r\n"},"stage":"finished","steps":[{"name":"Given  The user opens Register Page","status":"passed","statusDetails":{"known":false,"muted":false,"flaky":false},"stage":"finished","steps":[],"attachments":[],"parameters":[],"start":1705631173458,"stop":1705631173811},{"name":"When  The user enters a valid \"username\" and \"password\" and \"password confirmation\"","status":"passed","statusDetails":{"known":false,"muted":false,"flaky":false},"stage":"finished","steps":[],"attachments":[{"name":"Data table","source":"6e35aa03-2c0b-4e43-a3a3-51c08f7296b9-attachment.csv","type":"text/tab-separated-values"}],"parameters":[],"start":1705631173812,"stop":1705631176393},{"name":"Then  The user should be redirected to Homepage with the message \"New Account Created. You are logged in as <username>\"","status":"failed","statusDetails":{"known":false,"muted":false,"flaky":false,"message":"Title do not match expected [NumpyNinja] but found [Registration]","trace":"java.lang.AssertionError: Title do not match expected [NumpyNinja] but found [Registration]\r\n\tat org.testng.Assert.fail(Assert.java:111)\r\n\tat org.testng.Assert.failNotEquals(Assert.java:1578)\r\n\tat org.testng.Assert.assertEqualsImpl(Assert.java:150)\r\n\tat org.testng.Assert.assertEquals(Assert.java:132)\r\n\tat org.testng.Assert.assertEquals(Assert.java:656)\r\n\tat stepDefinitions.Registersteps.the_user_should_be_redirected_to_homepage_with_the_message(Registersteps.java:98)\r\n\tat ✽.The user should be redirected to Homepage with the message \"New Account Created. You are logged in as <username>\"(file:///C:/Users/shrav/eclipse-workspace/Dsalgo_cucumber1/src/test/resources/AppFeatures/3_Register.feature:69)\r\n"},"stage":"finished","steps":[],"attachments":[],"parameters":[],"start":1705631176395,"stop":1705631176411}],"attachments":[],"parameters":[],"start":1705631173457,"stop":1705631176599}